[2021-11-12 00:01:05] [ INFO ] [ProductoServicios:52] El Array list esta ordenador por precio y existe
[2021-11-12 00:01:14] [ INFO ] [ProductoServicios:64] El Array list esta ordenador por precio y existe
[2021-11-12 00:01:57] [ INFO ] [ProductoServicios:31] El Producto con la id existe
[2021-11-12 00:02:05] [ INFO ] [ProductoServicios:31] El Producto con la id existe
[2021-11-12 00:02:24] [ INFO ] [ProductoServicios:31] El Producto con la id existe
[2021-11-12 00:02:25] [ INFO ] [ProductoServicios:31] El Producto con la id existe
[2021-11-12 00:02:27] [ INFO ] [ProductoServicios:31] El Producto con la id existe
[2021-11-12 00:02:29] [ INFO ] [ProductoServicios:31] El Producto con la id existe
[2021-11-12 00:02:32] [ INFO ] [ProductoServicios:31] El Producto con la id existe
[2021-11-12 00:02:47] [ INFO ] [ProductoServicios:31] El Producto con la id existe
[2021-11-12 00:03:10] [ INFO ] [UsuarioServicios:41] El usuario con el email existe
[2021-11-12 00:04:50] [ INFO ] [UsuarioServicios:29] El usuario con la id existe
[2021-11-12 00:05:36] [ INFO ] [ProductoServicios:31] El Producto con la id existe
[2021-11-12 00:05:40] [ INFO ] [ProductoServicios:41] Se ha guardado el usuario
[2021-11-12 00:26:16] [ INFO ] [UsuarioServicios:41] El usuario con el email existe
[2021-11-12 00:32:16] [ INFO ] [UsuarioServicios:41] El usuario con el email existe
[2021-11-12 00:36:30] [ INFO ] [UsuarioServicios:29] El usuario con la id existe
[2021-11-12 00:36:45] [ INFO ] [UsuarioServicios:29] El usuario con la id existe
[2021-11-12 00:36:50] [ INFO ] [UsuarioServicios:51] Se ha guardado el usuario
[2021-11-12 00:38:52] [ INFO ] [UsuarioServicios:29] El usuario con la id existe
[2021-11-12 00:38:56] [ INFO ] [UsuarioServicios:51] Se ha guardado el usuario
[2021-11-12 00:40:00] [ INFO ] [UsuarioServicios:29] El usuario con la id existe
[2021-11-12 00:40:13] [ INFO ] [UsuarioServicios:29] El usuario con la id existe
[2021-11-12 00:40:38] [ INFO ] [UsuarioServicios:41] El usuario con el email existe
[2021-11-12 00:42:05] [ INFO ] [UsuarioServicios:44] El usuario con email no exite
[2021-11-12 00:42:05] [ INFO ] [UsuarioServicios:51] Se ha guardado el usuario
[2021-11-12 00:42:11] [ INFO ] [UsuarioServicios:41] El usuario con el email existe
[2021-11-12 00:54:34] [ INFO ] [UsuarioServicios:41] El usuario con el email existe
[2021-11-12 00:54:43] [ INFO ] [UsuarioServicios:29] El usuario con la id existe
[2021-11-12 00:55:21] [ INFO ] [UsuarioServicios:29] El usuario con la id existe
[2021-11-12 00:55:25] [ INFO ] [UsuarioServicios:51] Se ha guardado el usuario
[2021-11-12 00:55:31] [ INFO ] [UsuarioServicios:29] El usuario con la id existe
[2021-11-12 00:55:46] [ INFO ] [UsuarioServicios:29] El usuario con la id existe
[2021-11-12 00:56:07] [ INFO ] [UsuarioServicios:51] Se ha guardado el usuario
[2021-11-12 01:04:25] [ INFO ] [UsuarioServicios:41] El usuario con el email existe
[2021-11-12 01:05:07] [ INFO ] [UsuarioServicios:41] El usuario con el email existe
[2021-11-12 01:05:10] [ INFO ] [UsuarioServicios:29] El usuario con la id existe
[2021-11-12 01:05:16] [ INFO ] [UsuarioServicios:51] Se ha guardado el usuario
[2021-11-12 01:05:23] [ INFO ] [UsuarioServicios:41] El usuario con el email existe
[2021-11-12 01:17:50] [ INFO ] [UsuarioServicios:44] El usuario con email no exite
[2021-11-12 01:18:08] [ INFO ] [UsuarioServicios:44] El usuario con email no exite
[2021-11-12 01:18:58] [ INFO ] [UsuarioServicios:44] El usuario con email no exite
[2021-11-12 01:19:52] [ INFO ] [UsuarioServicios:44] El usuario con email no exite
[2021-11-12 01:19:52] [ INFO ] [UsuarioServicios:51] Se ha guardado el usuario
[2021-11-12 01:20:05] [ INFO ] [UsuarioServicios:41] El usuario con el email existe
[2021-11-12 01:20:05] [ INFO ] [UsuarioServicios:41] El usuario con el email existe
[2021-11-12 01:56:01] [ INFO ] [UsuarioServicios:41] El usuario con el email existe
