[2021-11-15 00:58:44] [ INFO ] [UsuarioServicios:41] El usuario con el email existe
[2021-11-15 00:58:49] [ INFO ] [UsuarioServicios:41] El usuario con el email existe
[2021-11-15 00:58:49] [ INFO ] [UsuarioServicios:41] El usuario con el email existe
[2021-11-15 01:24:50] [ INFO ] [UsuarioServicios:41] El usuario con el email existe
[2021-11-15 01:24:56] [ INFO ] [UsuarioServicios:41] El usuario con el email existe
[2021-11-15 01:24:56] [ INFO ] [UsuarioServicios:41] El usuario con el email existe
[2021-11-15 01:45:16] [ INFO ] [UsuarioServicios:41] El usuario con el email existe
[2021-11-15 01:45:16] [ INFO ] [UsuarioServicios:41] El usuario con el email existe
[2021-11-15 01:48:28] [ INFO ] [UsuarioServicios:41] El usuario con el email existe
[2021-11-15 01:48:28] [ INFO ] [UsuarioServicios:41] El usuario con el email existe
[2021-11-15 01:50:55] [ INFO ] [UsuarioServicios:41] El usuario con el email existe
[2021-11-15 01:51:01] [ INFO ] [UsuarioServicios:41] El usuario con el email existe
[2021-11-15 01:51:01] [ INFO ] [UsuarioServicios:41] El usuario con el email existe
[2021-11-15 09:05:35] [ INFO ] [UsuarioServicios:41] El usuario con el email existe
[2021-11-15 09:05:41] [ INFO ] [UsuarioServicios:41] El usuario con el email existe
[2021-11-15 09:05:41] [ INFO ] [UsuarioServicios:41] El usuario con el email existe
[2021-11-15 09:10:01] [ INFO ] [UsuarioServicios:41] El usuario con el email existe
[2021-11-15 09:10:05] [ INFO ] [UsuarioServicios:41] El usuario con el email existe
[2021-11-15 09:10:05] [ INFO ] [UsuarioServicios:41] El usuario con el email existe
[2021-11-15 09:13:53] [ INFO ] [UsuarioServicios:41] El usuario con el email existe
[2021-11-15 09:13:57] [ INFO ] [UsuarioServicios:41] El usuario con el email existe
[2021-11-15 09:13:57] [ INFO ] [UsuarioServicios:41] El usuario con el email existe
[2021-11-15 09:15:16] [ INFO ] [UsuarioServicios:41] El usuario con el email existe
[2021-11-15 09:15:20] [ INFO ] [UsuarioServicios:41] El usuario con el email existe
[2021-11-15 09:15:20] [ INFO ] [UsuarioServicios:41] El usuario con el email existe
[2021-11-15 09:15:37] [ INFO ] [UsuarioServicios:41] El usuario con el email existe
[2021-11-15 09:37:05] [ INFO ] [UsuarioServicios:41] El usuario con el email existe
[2021-11-15 09:37:12] [ INFO ] [UsuarioServicios:41] El usuario con el email existe
[2021-11-15 09:44:07] [ INFO ] [UsuarioServicios:41] El usuario con el email existe
[2021-11-15 09:45:11] [ INFO ] [UsuarioServicios:41] El usuario con el email existe
[2021-11-15 09:51:59] [ INFO ] [UsuarioServicios:41] El usuario con el email existe
[2021-11-15 09:52:28] [ INFO ] [UsuarioServicios:41] El usuario con el email existe
[2021-11-15 09:52:58] [ INFO ] [UsuarioServicios:41] El usuario con el email existe
[2021-11-15 09:54:04] [ INFO ] [UsuarioServicios:41] El usuario con el email existe
[2021-11-15 09:54:11] [ INFO ] [UsuarioServicios:41] El usuario con el email existe
[2021-11-15 09:54:12] [ INFO ] [ProductoServicios:31] El Producto con la id existe
[2021-11-15 09:54:12] [ INFO ] [UsuarioServicios:41] El usuario con el email existe
[2021-11-15 09:54:13] [ INFO ] [ProductoServicios:31] El Producto con la id existe
[2021-11-15 09:54:13] [ INFO ] [UsuarioServicios:41] El usuario con el email existe
[2021-11-15 09:54:13] [ INFO ] [ProductoServicios:31] El Producto con la id existe
[2021-11-15 09:54:13] [ INFO ] [UsuarioServicios:41] El usuario con el email existe
[2021-11-15 09:54:14] [ INFO ] [ProductoServicios:31] El Producto con la id existe
[2021-11-15 09:54:14] [ INFO ] [UsuarioServicios:41] El usuario con el email existe
[2021-11-15 09:54:14] [ INFO ] [ProductoServicios:31] El Producto con la id existe
[2021-11-15 09:54:14] [ INFO ] [UsuarioServicios:41] El usuario con el email existe
[2021-11-15 09:54:16] [ INFO ] [ProductoServicios:31] El Producto con la id existe
[2021-11-15 09:54:16] [ INFO ] [UsuarioServicios:41] El usuario con el email existe
[2021-11-15 09:54:16] [ INFO ] [ProductoServicios:31] El Producto con la id existe
[2021-11-15 09:54:16] [ INFO ] [UsuarioServicios:41] El usuario con el email existe
[2021-11-15 09:54:23] [ INFO ] [ProductoServicios:31] El Producto con la id existe
[2021-11-15 09:54:23] [ INFO ] [ProductoServicios:41] Se ha guardado el usuario
[2021-11-15 09:54:23] [ INFO ] [UsuarioServicios:41] El usuario con el email existe
[2021-11-15 10:03:42] [ INFO ] [ProductoServicios:31] El Producto con la id existe
[2021-11-15 10:05:31] [ INFO ] [UsuarioServicios:41] El usuario con el email existe
[2021-11-15 10:06:18] [ INFO ] [UsuarioServicios:41] El usuario con el email existe
[2021-11-15 10:06:21] [ INFO ] [ProductoServicios:64] El Array list esta ordenador por precio y existe
[2021-11-15 10:06:22] [ INFO ] [ProductoServicios:52] El Array list esta ordenador por precio y existe
[2021-11-15 10:06:23] [ INFO ] [ProductoServicios:64] El Array list esta ordenador por precio y existe
[2021-11-15 10:06:23] [ INFO ] [ProductoServicios:52] El Array list esta ordenador por precio y existe
[2021-11-15 10:06:24] [ INFO ] [ProductoServicios:64] El Array list esta ordenador por precio y existe
[2021-11-15 10:06:24] [ INFO ] [ProductoServicios:52] El Array list esta ordenador por precio y existe
[2021-11-15 10:06:25] [ INFO ] [ProductoServicios:64] El Array list esta ordenador por precio y existe
[2021-11-15 10:06:25] [ INFO ] [ProductoServicios:52] El Array list esta ordenador por precio y existe
[2021-11-15 10:06:26] [ INFO ] [ProductoServicios:64] El Array list esta ordenador por precio y existe
[2021-11-15 10:06:26] [ INFO ] [ProductoServicios:52] El Array list esta ordenador por precio y existe
[2021-11-15 10:06:27] [ INFO ] [ProductoServicios:64] El Array list esta ordenador por precio y existe
[2021-11-15 10:06:27] [ INFO ] [ProductoServicios:52] El Array list esta ordenador por precio y existe
[2021-11-15 10:06:45] [ INFO ] [UsuarioServicios:41] El usuario con el email existe
[2021-11-15 10:06:47] [ INFO ] [ProductoServicios:64] El Array list esta ordenador por precio y existe
[2021-11-15 10:06:48] [ INFO ] [ProductoServicios:52] El Array list esta ordenador por precio y existe
[2021-11-15 10:06:48] [ INFO ] [ProductoServicios:64] El Array list esta ordenador por precio y existe
[2021-11-15 10:06:49] [ INFO ] [ProductoServicios:52] El Array list esta ordenador por precio y existe
[2021-11-15 10:06:51] [ INFO ] [ProductoServicios:64] El Array list esta ordenador por precio y existe
[2021-11-15 10:06:52] [ INFO ] [ProductoServicios:52] El Array list esta ordenador por precio y existe
[2021-11-15 10:06:52] [ INFO ] [ProductoServicios:64] El Array list esta ordenador por precio y existe
[2021-11-15 10:09:41] [ INFO ] [UsuarioServicios:41] El usuario con el email existe
[2021-11-15 10:10:22] [ INFO ] [UsuarioServicios:41] El usuario con el email existe
[2021-11-15 10:10:32] [ INFO ] [UsuarioServicios:41] El usuario con el email existe
[2021-11-15 10:10:33] [ INFO ] [UsuarioServicios:41] El usuario con el email existe
[2021-11-15 10:10:36] [ INFO ] [ProductoServicios:64] El Array list esta ordenador por precio y existe
[2021-11-15 10:10:37] [ INFO ] [ProductoServicios:52] El Array list esta ordenador por precio y existe
[2021-11-15 10:10:39] [ INFO ] [ProductoServicios:64] El Array list esta ordenador por precio y existe
[2021-11-15 10:10:48] [ INFO ] [ProductoServicios:31] El Producto con la id existe
[2021-11-15 10:11:00] [ INFO ] [ProductoServicios:31] El Producto con la id existe
[2021-11-15 10:11:01] [ INFO ] [ProductoServicios:31] El Producto con la id existe
[2021-11-15 10:11:30] [ INFO ] [UsuarioServicios:41] El usuario con el email existe
[2021-11-15 10:14:43] [ INFO ] [ProductoServicios:31] El Producto con la id existe
[2021-11-15 10:14:47] [ INFO ] [ProductoServicios:41] Se ha guardado el usuario
[2021-11-15 10:15:38] [ INFO ] [ProductoServicios:41] Se ha guardado el usuario
[2021-11-15 10:15:38] [ INFO ] [UsuarioServicios:41] El usuario con el email existe
[2021-11-15 10:15:52] [ INFO ] [UsuarioServicios:41] El usuario con el email existe
[2021-11-15 10:15:59] [ INFO ] [ProductoServicios:31] El Producto con la id existe
[2021-11-15 10:15:59] [ INFO ] [ProductoServicios:46] Se ha eliminado el usuario
[2021-11-15 10:16:04] [ INFO ] [UsuarioServicios:41] El usuario con el email existe
[2021-11-15 10:16:10] [ INFO ] [UsuarioServicios:41] El usuario con el email existe
[2021-11-15 10:16:11] [ INFO ] [ProductoServicios:31] El Producto con la id existe
[2021-11-15 10:16:15] [ INFO ] [UsuarioServicios:41] El usuario con el email existe
[2021-11-15 10:17:51] [ INFO ] [UsuarioServicios:41] El usuario con el email existe
[2021-11-15 10:19:12] [ INFO ] [ProductoServicios:31] El Producto con la id existe
[2021-11-15 10:19:27] [ INFO ] [ProductoServicios:31] El Producto con la id existe
[2021-11-15 10:24:45] [ INFO ] [UsuarioServicios:41] El usuario con el email existe
[2021-11-15 10:36:35] [ INFO ] [ProductoServicios:31] El Producto con la id existe
[2021-11-15 10:41:14] [ INFO ] [ProductoServicios:31] El Producto con la id existe
[2021-11-15 10:42:21] [ INFO ] [ProductoServicios:31] El Producto con la id existe
[2021-11-15 10:42:43] [ INFO ] [UsuarioServicios:41] El usuario con el email existe
[2021-11-15 10:42:44] [ INFO ] [ProductoServicios:31] El Producto con la id existe
[2021-11-15 10:42:50] [ INFO ] [ProductoServicios:31] El Producto con la id existe
[2021-11-15 10:43:47] [ INFO ] [ProductoServicios:31] El Producto con la id existe
[2021-11-15 10:44:00] [ INFO ] [ProductoServicios:31] El Producto con la id existe
[2021-11-15 10:44:00] [ INFO ] [ProductoServicios:31] El Producto con la id existe
[2021-11-15 10:44:01] [ INFO ] [ProductoServicios:31] El Producto con la id existe
[2021-11-15 10:44:01] [ INFO ] [ProductoServicios:31] El Producto con la id existe
[2021-11-15 10:44:57] [ INFO ] [ProductoServicios:31] El Producto con la id existe
[2021-11-15 10:44:58] [ INFO ] [ProductoServicios:31] El Producto con la id existe
[2021-11-15 10:46:37] [ INFO ] [UsuarioServicios:41] El usuario con el email existe
[2021-11-15 10:46:38] [ INFO ] [UsuarioServicios:41] El usuario con el email existe
[2021-11-15 10:46:39] [ INFO ] [ProductoServicios:31] El Producto con la id existe
[2021-11-15 10:47:01] [ INFO ] [ProductoServicios:31] El Producto con la id existe
[2021-11-15 10:47:53] [ INFO ] [ProductoServicios:31] El Producto con la id existe
[2021-11-15 10:50:21] [ INFO ] [ProductoServicios:31] El Producto con la id existe
[2021-11-15 10:50:29] [ INFO ] [ProductoServicios:31] El Producto con la id existe
[2021-11-15 10:51:08] [ INFO ] [UsuarioServicios:41] El usuario con el email existe
[2021-11-15 10:51:17] [ INFO ] [ProductoServicios:31] El Producto con la id existe
[2021-11-15 10:53:12] [ INFO ] [UsuarioServicios:41] El usuario con el email existe
[2021-11-15 10:54:14] [ INFO ] [UsuarioServicios:41] El usuario con el email existe
[2021-11-15 11:11:44] [ INFO ] [UsuarioServicios:41] El usuario con el email existe
[2021-11-15 11:14:40] [ INFO ] [ProductoServicios:64] El Array list esta ordenador por precio y existe
[2021-11-15 11:14:41] [ INFO ] [ProductoServicios:52] El Array list esta ordenador por precio y existe
[2021-11-15 11:14:47] [ INFO ] [UsuarioServicios:41] El usuario con el email existe
[2021-11-15 11:48:23] [ INFO ] [UsuarioServicios:41] El usuario con el email existe
[2021-11-15 11:48:25] [ INFO ] [UsuarioServicios:41] El usuario con el email existe
[2021-11-15 11:48:27] [ INFO ] [ProductoServicios:31] El Producto con la id existe
[2021-11-15 11:48:27] [ INFO ] [UsuarioServicios:41] El usuario con el email existe
[2021-11-15 11:48:27] [ INFO ] [ProductoServicios:31] El Producto con la id existe
[2021-11-15 11:48:27] [ INFO ] [UsuarioServicios:41] El usuario con el email existe
[2021-11-15 11:48:34] [ INFO ] [UsuarioServicios:41] El usuario con el email existe
[2021-11-15 11:48:34] [ INFO ] [UsuarioServicios:41] El usuario con el email existe
[2021-11-15 11:49:03] [ INFO ] [UsuarioServicios:41] El usuario con el email existe
[2021-11-15 11:56:15] [ INFO ] [UsuarioServicios:41] El usuario con el email existe
[2021-11-15 12:10:55] [ INFO ] [UsuarioServicios:29] El usuario con la id existe
[2021-11-15 12:16:17] [ INFO ] [UsuarioServicios:29] El usuario con la id existe
[2021-11-15 12:17:04] [ INFO ] [UsuarioServicios:29] El usuario con la id existe
[2021-11-15 12:17:05] [ INFO ] [UsuarioServicios:41] El usuario con el email existe
[2021-11-15 12:28:20] [ INFO ] [UsuarioServicios:41] El usuario con el email existe
[2021-11-15 12:28:24] [ INFO ] [UsuarioServicios:41] El usuario con el email existe
[2021-11-15 12:28:46] [ INFO ] [UsuarioServicios:41] El usuario con el email existe
[2021-11-15 12:28:46] [ INFO ] [UsuarioServicios:41] El usuario con el email existe
[2021-11-15 12:31:50] [ INFO ] [UsuarioServicios:41] El usuario con el email existe
[2021-11-15 12:36:18] [ INFO ] [UsuarioServicios:44] El usuario con email no exite
[2021-11-15 12:36:18] [ INFO ] [UsuarioServicios:51] Se ha guardado el usuario
[2021-11-15 12:46:39] [ INFO ] [UsuarioServicios:41] El usuario con el email existe
[2021-11-15 12:46:39] [ INFO ] [UsuarioServicios:41] El usuario con el email existe
[2021-11-15 12:46:59] [ INFO ] [UsuarioServicios:41] El usuario con el email existe
[2021-11-15 13:22:28] [ INFO ] [UsuarioServicios:41] El usuario con el email existe
[2021-11-15 13:22:33] [ INFO ] [UsuarioServicios:41] El usuario con el email existe
[2021-11-15 13:22:33] [ INFO ] [UsuarioServicios:41] El usuario con el email existe
[2021-11-15 13:22:43] [ INFO ] [UsuarioServicios:29] El usuario con la id existe
[2021-11-15 13:22:49] [ INFO ] [UsuarioServicios:41] El usuario con el email existe
[2021-11-15 13:22:56] [ INFO ] [UsuarioServicios:41] El usuario con el email existe
[2021-11-15 13:22:56] [ INFO ] [UsuarioServicios:41] El usuario con el email existe
[2021-11-15 13:23:03] [ INFO ] [UsuarioServicios:29] El usuario con la id existe
[2021-11-15 13:23:24] [ INFO ] [UsuarioServicios:51] Se ha guardado el usuario
[2021-11-15 13:24:21] [ INFO ] [UsuarioServicios:41] El usuario con el email existe
[2021-11-15 13:24:28] [ INFO ] [UsuarioServicios:41] El usuario con el email existe
[2021-11-15 13:24:28] [ INFO ] [UsuarioServicios:41] El usuario con el email existe
[2021-11-15 13:25:11] [ INFO ] [UsuarioServicios:41] El usuario con el email existe
[2021-11-15 13:25:14] [ INFO ] [UsuarioServicios:29] El usuario con la id existe
[2021-11-15 13:25:30] [ INFO ] [UsuarioServicios:51] Se ha guardado el usuario
[2021-11-15 13:25:36] [ INFO ] [UsuarioServicios:41] El usuario con el email existe
[2021-11-15 13:25:36] [ INFO ] [UsuarioServicios:41] El usuario con el email existe
[2021-11-15 13:26:01] [ INFO ] [UsuarioServicios:29] El usuario con la id existe
[2021-11-15 13:26:39] [ INFO ] [UsuarioServicios:51] Se ha guardado el usuario
[2021-11-15 13:26:45] [ INFO ] [UsuarioServicios:41] El usuario con el email existe
[2021-11-15 13:26:45] [ INFO ] [UsuarioServicios:41] El usuario con el email existe
[2021-11-15 13:28:44] [ INFO ] [UsuarioServicios:41] El usuario con el email existe
[2021-11-15 13:28:48] [ INFO ] [UsuarioServicios:41] El usuario con el email existe
[2021-11-15 13:28:48] [ INFO ] [UsuarioServicios:41] El usuario con el email existe
[2021-11-15 13:30:11] [ INFO ] [UsuarioServicios:44] El usuario con email no exite
[2021-11-15 13:30:11] [ INFO ] [UsuarioServicios:51] Se ha guardado el usuario
[2021-11-15 13:30:18] [ INFO ] [UsuarioServicios:29] El usuario con la id existe
[2021-11-15 13:30:18] [ INFO ] [UsuarioServicios:56] Se ha eliminado el usuario
[2021-11-15 13:30:52] [ INFO ] [UsuarioServicios:41] El usuario con el email existe
[2021-11-15 13:32:50] [ INFO ] [UsuarioServicios:41] El usuario con el email existe
[2021-11-15 13:33:10] [ INFO ] [ProductoServicios:64] El Array list esta ordenador por precio y existe
[2021-11-15 13:33:15] [ INFO ] [ProductoServicios:52] El Array list esta ordenador por precio y existe
[2021-11-15 13:41:07] [ INFO ] [UsuarioServicios:29] El usuario con la id existe
[2021-11-15 13:41:07] [ INFO ] [UsuarioServicios:56] Se ha eliminado el usuario
[2021-11-15 14:02:48] [ INFO ] [UsuarioServicios:41] El usuario con el email existe
[2021-11-15 14:02:50] [ INFO ] [UsuarioServicios:41] El usuario con el email existe
[2021-11-15 14:15:43] [ INFO ] [UsuarioServicios:41] El usuario con el email existe
[2021-11-15 14:15:43] [ INFO ] [UsuarioServicios:41] El usuario con el email existe
[2021-11-15 14:15:52] [ INFO ] [ProductoServicios:31] El Producto con la id existe
[2021-11-15 14:15:55] [ INFO ] [ProductoServicios:41] Se ha guardado el usuario
[2021-11-15 14:15:57] [ INFO ] [UsuarioServicios:41] El usuario con el email existe
[2021-11-15 14:15:58] [ INFO ] [ProductoServicios:31] El Producto con la id existe
[2021-11-15 14:15:58] [ INFO ] [UsuarioServicios:41] El usuario con el email existe
[2021-11-15 14:15:59] [ INFO ] [ProductoServicios:31] El Producto con la id existe
[2021-11-15 14:15:59] [ INFO ] [UsuarioServicios:41] El usuario con el email existe
[2021-11-15 14:16:03] [ INFO ] [ProductoServicios:31] El Producto con la id existe
[2021-11-15 14:16:03] [ INFO ] [ProductoServicios:41] Se ha guardado el usuario
[2021-11-15 14:16:03] [ INFO ] [UsuarioServicios:41] El usuario con el email existe
[2021-11-15 14:17:18] [ INFO ] [ProductoServicios:31] El Producto con la id existe
[2021-11-15 14:17:23] [ INFO ] [ProductoServicios:41] Se ha guardado el usuario
[2021-11-15 14:17:24] [ INFO ] [UsuarioServicios:41] El usuario con el email existe
[2021-11-15 14:17:32] [ INFO ] [ProductoServicios:31] El Producto con la id existe
[2021-11-15 14:17:47] [ INFO ] [ProductoServicios:31] El Producto con la id existe
[2021-11-15 14:17:47] [ INFO ] [UsuarioServicios:41] El usuario con el email existe
[2021-11-15 14:17:51] [ INFO ] [UsuarioServicios:41] El usuario con el email existe
[2021-11-15 14:17:53] [ INFO ] [ProductoServicios:31] El Producto con la id existe
[2021-11-15 14:19:37] [ INFO ] [UsuarioServicios:41] El usuario con el email existe
[2021-11-15 14:19:39] [ INFO ] [ProductoServicios:31] El Producto con la id existe
[2021-11-15 14:19:45] [ INFO ] [UsuarioServicios:41] El usuario con el email existe
[2021-11-15 14:19:47] [ INFO ] [ProductoServicios:52] El Array list esta ordenador por precio y existe
[2021-11-15 14:19:50] [ INFO ] [ProductoServicios:64] El Array list esta ordenador por precio y existe
[2021-11-15 14:19:55] [ INFO ] [UsuarioServicios:41] El usuario con el email existe
[2021-11-15 14:20:11] [ INFO ] [ProductoServicios:31] El Producto con la id existe
[2021-11-15 14:20:21] [ INFO ] [UsuarioServicios:41] El usuario con el email existe
[2021-11-15 14:20:45] [ INFO ] [ProductoServicios:31] El Producto con la id existe
[2021-11-15 14:20:49] [ INFO ] [ProductoServicios:41] Se ha guardado el usuario
[2021-11-15 14:20:51] [ INFO ] [UsuarioServicios:41] El usuario con el email existe
[2021-11-15 14:20:52] [ INFO ] [ProductoServicios:31] El Producto con la id existe
[2021-11-15 14:20:52] [ INFO ] [UsuarioServicios:41] El usuario con el email existe
[2021-11-15 14:20:53] [ INFO ] [ProductoServicios:31] El Producto con la id existe
[2021-11-15 14:20:53] [ INFO ] [UsuarioServicios:41] El usuario con el email existe
[2021-11-15 14:20:57] [ INFO ] [ProductoServicios:31] El Producto con la id existe
[2021-11-15 14:20:57] [ INFO ] [ProductoServicios:41] Se ha guardado el usuario
[2021-11-15 14:20:57] [ INFO ] [UsuarioServicios:41] El usuario con el email existe
[2021-11-15 14:20:59] [ INFO ] [ProductoServicios:31] El Producto con la id existe
[2021-11-15 14:21:02] [ INFO ] [ProductoServicios:31] El Producto con la id existe
[2021-11-15 14:21:02] [ INFO ] [UsuarioServicios:41] El usuario con el email existe
[2021-11-15 14:21:08] [ INFO ] [UsuarioServicios:41] El usuario con el email existe
[2021-11-15 14:21:10] [ INFO ] [ProductoServicios:31] El Producto con la id existe
[2021-11-15 14:23:55] [ INFO ] [ProductoServicios:31] El Producto con la id existe
[2021-11-15 14:23:57] [ INFO ] [UsuarioServicios:41] El usuario con el email existe
[2021-11-15 14:23:59] [ INFO ] [ProductoServicios:31] El Producto con la id existe
[2021-11-15 14:24:02] [ INFO ] [ProductoServicios:31] El Producto con la id existe
[2021-11-15 14:24:05] [ INFO ] [ProductoServicios:31] El Producto con la id existe
[2021-11-15 14:24:08] [ INFO ] [UsuarioServicios:41] El usuario con el email existe
[2021-11-15 14:24:10] [ INFO ] [ProductoServicios:31] El Producto con la id existe
[2021-11-15 14:24:12] [ INFO ] [UsuarioServicios:41] El usuario con el email existe
[2021-11-15 14:24:13] [ INFO ] [ProductoServicios:31] El Producto con la id existe
[2021-11-15 14:24:18] [ INFO ] [UsuarioServicios:41] El usuario con el email existe
[2021-11-15 14:24:19] [ INFO ] [ProductoServicios:31] El Producto con la id existe
[2021-11-15 14:24:22] [ INFO ] [UsuarioServicios:41] El usuario con el email existe
[2021-11-15 14:24:24] [ INFO ] [ProductoServicios:31] El Producto con la id existe
[2021-11-15 14:24:31] [ INFO ] [UsuarioServicios:41] El usuario con el email existe
[2021-11-15 14:24:32] [ INFO ] [ProductoServicios:31] El Producto con la id existe
[2021-11-15 14:24:34] [ INFO ] [UsuarioServicios:41] El usuario con el email existe
[2021-11-15 14:29:53] [ INFO ] [UsuarioServicios:41] El usuario con el email existe
[2021-11-15 14:29:55] [ INFO ] [ProductoServicios:31] El Producto con la id existe
[2021-11-15 14:30:36] [ INFO ] [UsuarioServicios:41] El usuario con el email existe
[2021-11-15 14:30:37] [ INFO ] [UsuarioServicios:41] El usuario con el email existe
[2021-11-15 14:30:37] [ INFO ] [ProductoServicios:31] El Producto con la id existe
[2021-11-15 14:30:43] [ INFO ] [UsuarioServicios:41] El usuario con el email existe
[2021-11-15 14:30:44] [ INFO ] [ProductoServicios:31] El Producto con la id existe
[2021-11-15 14:30:45] [ INFO ] [UsuarioServicios:41] El usuario con el email existe
[2021-11-15 14:31:40] [ INFO ] [UsuarioServicios:41] El usuario con el email existe
[2021-11-15 14:31:42] [ INFO ] [UsuarioServicios:41] El usuario con el email existe
[2021-11-15 14:31:42] [ INFO ] [ProductoServicios:31] El Producto con la id existe
[2021-11-15 14:31:51] [ INFO ] [ProductoServicios:31] El Producto con la id existe
[2021-11-15 14:32:07] [ INFO ] [UsuarioServicios:41] El usuario con el email existe
[2021-11-15 14:32:09] [ INFO ] [UsuarioServicios:41] El usuario con el email existe
[2021-11-15 14:32:09] [ INFO ] [ProductoServicios:31] El Producto con la id existe
[2021-11-15 14:32:31] [ INFO ] [UsuarioServicios:41] El usuario con el email existe
[2021-11-15 14:32:33] [ INFO ] [UsuarioServicios:41] El usuario con el email existe
[2021-11-15 14:32:33] [ INFO ] [UsuarioServicios:41] El usuario con el email existe
[2021-11-15 14:32:34] [ INFO ] [ProductoServicios:31] El Producto con la id existe
[2021-11-15 14:32:37] [ INFO ] [ProductoServicios:31] El Producto con la id existe
[2021-11-15 14:33:01] [ INFO ] [UsuarioServicios:41] El usuario con el email existe
[2021-11-15 14:33:02] [ INFO ] [ProductoServicios:31] El Producto con la id existe
[2021-11-15 14:33:03] [ INFO ] [UsuarioServicios:41] El usuario con el email existe
[2021-11-15 14:33:04] [ INFO ] [ProductoServicios:31] El Producto con la id existe
[2021-11-15 14:33:05] [ INFO ] [UsuarioServicios:41] El usuario con el email existe
[2021-11-15 14:33:06] [ INFO ] [ProductoServicios:31] El Producto con la id existe
[2021-11-15 14:33:07] [ INFO ] [UsuarioServicios:41] El usuario con el email existe
[2021-11-15 14:33:13] [ INFO ] [ProductoServicios:31] El Producto con la id existe
[2021-11-15 14:33:15] [ INFO ] [UsuarioServicios:41] El usuario con el email existe
[2021-11-15 14:33:16] [ INFO ] [ProductoServicios:31] El Producto con la id existe
[2021-11-15 14:33:21] [ INFO ] [ProductoServicios:31] El Producto con la id existe
[2021-11-15 14:33:21] [ INFO ] [UsuarioServicios:41] El usuario con el email existe
[2021-11-15 14:33:29] [ INFO ] [UsuarioServicios:41] El usuario con el email existe
[2021-11-15 14:33:31] [ INFO ] [ProductoServicios:64] El Array list esta ordenador por precio y existe
[2021-11-15 14:33:37] [ INFO ] [UsuarioServicios:41] El usuario con el email existe
[2021-11-15 14:34:48] [ INFO ] [UsuarioServicios:41] El usuario con el email existe
[2021-11-15 14:35:09] [ INFO ] [UsuarioServicios:41] El usuario con el email existe
[2021-11-15 14:37:05] [ INFO ] [UsuarioServicios:41] El usuario con el email existe
[2021-11-15 14:37:09] [ INFO ] [UsuarioServicios:41] El usuario con el email existe
[2021-11-15 14:43:46] [ INFO ] [UsuarioServicios:41] El usuario con el email existe
[2021-11-15 14:44:35] [ INFO ] [UsuarioServicios:44] El usuario con email no exite
[2021-11-15 14:44:35] [ INFO ] [UsuarioServicios:51] Se ha guardado el usuario
[2021-11-15 14:44:45] [ INFO ] [UsuarioServicios:41] El usuario con el email existe
[2021-11-15 14:44:45] [ INFO ] [UsuarioServicios:41] El usuario con el email existe
[2021-11-15 14:44:51] [ INFO ] [ProductoServicios:31] El Producto con la id existe
[2021-11-15 14:44:51] [ INFO ] [UsuarioServicios:41] El usuario con el email existe
[2021-11-15 14:44:58] [ INFO ] [ProductoServicios:31] El Producto con la id existe
[2021-11-15 14:45:09] [ INFO ] [UsuarioServicios:41] El usuario con el email existe
[2021-11-15 14:45:11] [ INFO ] [ProductoServicios:31] El Producto con la id existe
[2021-11-15 14:45:11] [ INFO ] [UsuarioServicios:41] El usuario con el email existe
[2021-11-15 14:45:13] [ INFO ] [ProductoServicios:31] El Producto con la id existe
[2021-11-15 14:45:13] [ INFO ] [UsuarioServicios:41] El usuario con el email existe
[2021-11-15 14:45:15] [ INFO ] [ProductoServicios:31] El Producto con la id existe
[2021-11-15 14:45:15] [ INFO ] [UsuarioServicios:41] El usuario con el email existe
[2021-11-15 14:45:16] [ INFO ] [ProductoServicios:31] El Producto con la id existe
[2021-11-15 14:45:16] [ INFO ] [UsuarioServicios:41] El usuario con el email existe
[2021-11-15 14:45:18] [ INFO ] [ProductoServicios:31] El Producto con la id existe
[2021-11-15 14:45:18] [ INFO ] [UsuarioServicios:41] El usuario con el email existe
[2021-11-15 14:45:19] [ INFO ] [ProductoServicios:31] El Producto con la id existe
[2021-11-15 14:45:19] [ INFO ] [UsuarioServicios:41] El usuario con el email existe
[2021-11-15 14:45:21] [ INFO ] [ProductoServicios:31] El Producto con la id existe
[2021-11-15 14:45:21] [ INFO ] [UsuarioServicios:41] El usuario con el email existe
[2021-11-15 14:46:37] [ INFO ] [ProductoServicios:31] El Producto con la id existe
[2021-11-15 14:46:37] [ INFO ] [ProductoServicios:41] Se ha guardado el usuario
[2021-11-15 14:46:37] [ INFO ] [ProductoServicios:31] El Producto con la id existe
[2021-11-15 14:46:37] [ INFO ] [ProductoServicios:41] Se ha guardado el usuario
[2021-11-15 14:46:37] [ INFO ] [ProductoServicios:31] El Producto con la id existe
[2021-11-15 14:46:37] [ INFO ] [ProductoServicios:41] Se ha guardado el usuario
[2021-11-15 14:46:37] [ INFO ] [ProductoServicios:31] El Producto con la id existe
[2021-11-15 14:46:37] [ INFO ] [ProductoServicios:41] Se ha guardado el usuario
[2021-11-15 14:46:37] [ INFO ] [ProductoServicios:31] El Producto con la id existe
[2021-11-15 14:46:37] [ INFO ] [ProductoServicios:41] Se ha guardado el usuario
[2021-11-15 14:46:37] [ INFO ] [UsuarioServicios:41] El usuario con el email existe
[2021-11-15 14:47:07] [ INFO ] [UsuarioServicios:41] El usuario con el email existe
[2021-11-15 14:47:15] [ INFO ] [UsuarioServicios:41] El usuario con el email existe
[2021-11-15 14:47:15] [ INFO ] [UsuarioServicios:41] El usuario con el email existe
[2021-11-15 14:47:33] [ INFO ] [UsuarioServicios:41] El usuario con el email existe
[2021-11-15 14:47:35] [ INFO ] [ProductoServicios:52] El Array list esta ordenador por precio y existe
[2021-11-15 14:47:37] [ INFO ] [ProductoServicios:64] El Array list esta ordenador por precio y existe
[2021-11-15 14:47:38] [ INFO ] [ProductoServicios:52] El Array list esta ordenador por precio y existe
[2021-11-15 14:47:39] [ INFO ] [UsuarioServicios:41] El usuario con el email existe
[2021-11-15 14:47:41] [ INFO ] [ProductoServicios:64] El Array list esta ordenador por precio y existe
[2021-11-15 14:47:42] [ INFO ] [ProductoServicios:52] El Array list esta ordenador por precio y existe
[2021-11-15 14:47:43] [ INFO ] [UsuarioServicios:41] El usuario con el email existe
[2021-11-15 14:48:09] [ INFO ] [UsuarioServicios:41] El usuario con el email existe
[2021-11-15 14:48:29] [ INFO ] [UsuarioServicios:29] El usuario con la id existe
[2021-11-15 14:48:55] [ INFO ] [UsuarioServicios:41] El usuario con el email existe
[2021-11-15 14:50:17] [ INFO ] [UsuarioServicios:29] El usuario con la id existe
[2021-11-15 14:50:24] [ INFO ] [UsuarioServicios:29] El usuario con la id existe
[2021-11-15 14:50:26] [ INFO ] [UsuarioServicios:29] El usuario con la id existe
[2021-11-15 14:50:27] [ INFO ] [UsuarioServicios:29] El usuario con la id existe
[2021-11-15 14:50:29] [ INFO ] [UsuarioServicios:29] El usuario con la id existe
[2021-11-15 14:50:30] [ INFO ] [UsuarioServicios:29] El usuario con la id existe
[2021-11-15 14:50:32] [ INFO ] [UsuarioServicios:29] El usuario con la id existe
[2021-11-15 14:50:38] [ INFO ] [UsuarioServicios:41] El usuario con el email existe
[2021-11-15 19:52:10] [ INFO ] [UsuarioServicios:41] El usuario con el email existe
[2021-11-15 19:53:01] [ INFO ] [UsuarioServicios:41] El usuario con el email existe
[2021-11-15 19:53:01] [ INFO ] [UsuarioServicios:41] El usuario con el email existe
[2021-11-15 20:01:24] [ INFO ] [ProductoServicios:41] Se ha guardado el usuario
[2021-11-15 20:01:24] [ INFO ] [UsuarioServicios:41] El usuario con el email existe
[2021-11-15 20:04:16] [ INFO ] [ProductoServicios:41] Se ha guardado el usuario
[2021-11-15 20:04:16] [ INFO ] [UsuarioServicios:41] El usuario con el email existe
[2021-11-15 20:06:17] [ INFO ] [ProductoServicios:41] Se ha guardado el usuario
[2021-11-15 20:06:17] [ INFO ] [UsuarioServicios:41] El usuario con el email existe
[2021-11-15 20:09:34] [ INFO ] [ProductoServicios:41] Se ha guardado el usuario
[2021-11-15 20:09:34] [ INFO ] [UsuarioServicios:41] El usuario con el email existe
[2021-11-15 20:11:27] [ INFO ] [ProductoServicios:41] Se ha guardado el usuario
[2021-11-15 20:11:27] [ INFO ] [UsuarioServicios:41] El usuario con el email existe
[2021-11-15 20:14:46] [ INFO ] [ProductoServicios:41] Se ha guardado el usuario
[2021-11-15 20:14:46] [ INFO ] [UsuarioServicios:41] El usuario con el email existe
[2021-11-15 20:17:36] [ INFO ] [ProductoServicios:41] Se ha guardado el usuario
[2021-11-15 20:17:36] [ INFO ] [UsuarioServicios:41] El usuario con el email existe
[2021-11-15 20:20:47] [ INFO ] [ProductoServicios:41] Se ha guardado el usuario
[2021-11-15 20:20:47] [ INFO ] [UsuarioServicios:41] El usuario con el email existe
[2021-11-15 20:24:37] [ INFO ] [UsuarioServicios:41] El usuario con el email existe
[2021-11-15 20:24:48] [ INFO ] [UsuarioServicios:41] El usuario con el email existe
[2021-11-15 20:24:48] [ INFO ] [UsuarioServicios:41] El usuario con el email existe
[2021-11-15 20:29:21] [ INFO ] [ProductoServicios:41] Se ha guardado el usuario
[2021-11-15 20:29:22] [ INFO ] [UsuarioServicios:41] El usuario con el email existe
[2021-11-15 20:37:32] [ INFO ] [UsuarioServicios:41] El usuario con el email existe
[2021-11-15 20:38:14] [ INFO ] [UsuarioServicios:41] El usuario con el email existe
[2021-11-15 20:39:28] [ INFO ] [ProductoServicios:31] El Producto con la id existe
[2021-11-15 20:39:43] [ INFO ] [ProductoServicios:31] El Producto con la id existe
[2021-11-15 20:39:54] [ INFO ] [ProductoServicios:31] El Producto con la id existe
[2021-11-15 20:39:54] [ INFO ] [UsuarioServicios:41] El usuario con el email existe
[2021-11-15 20:39:58] [ INFO ] [ProductoServicios:31] El Producto con la id existe
[2021-11-15 20:39:58] [ INFO ] [UsuarioServicios:41] El usuario con el email existe
[2021-11-15 20:40:08] [ INFO ] [ProductoServicios:31] El Producto con la id existe
[2021-11-15 20:40:08] [ INFO ] [UsuarioServicios:41] El usuario con el email existe
[2021-11-15 20:40:15] [ INFO ] [ProductoServicios:31] El Producto con la id existe
[2021-11-15 20:40:15] [ INFO ] [UsuarioServicios:41] El usuario con el email existe
[2021-11-15 20:40:37] [ INFO ] [ProductoServicios:31] El Producto con la id existe
[2021-11-15 20:40:37] [ INFO ] [UsuarioServicios:41] El usuario con el email existe
[2021-11-15 20:41:04] [ INFO ] [UsuarioServicios:41] El usuario con el email existe
[2021-11-15 20:41:06] [ INFO ] [ProductoServicios:31] El Producto con la id existe
[2021-11-15 20:41:06] [ INFO ] [UsuarioServicios:41] El usuario con el email existe
[2021-11-15 20:43:36] [ INFO ] [UsuarioServicios:44] El usuario con email no exite
[2021-11-15 20:43:36] [ INFO ] [UsuarioServicios:51] Se ha guardado el usuario
[2021-11-15 20:43:52] [ INFO ] [UsuarioServicios:41] El usuario con el email existe
[2021-11-15 20:43:52] [ INFO ] [UsuarioServicios:41] El usuario con el email existe
[2021-11-15 20:44:04] [ INFO ] [ProductoServicios:31] El Producto con la id existe
[2021-11-15 20:44:04] [ INFO ] [ProductoServicios:41] Se ha guardado el usuario
[2021-11-15 20:44:04] [ INFO ] [ProductoServicios:31] El Producto con la id existe
[2021-11-15 20:44:04] [ INFO ] [ProductoServicios:41] Se ha guardado el usuario
[2021-11-15 20:44:04] [ INFO ] [ProductoServicios:31] El Producto con la id existe
[2021-11-15 20:44:04] [ INFO ] [ProductoServicios:41] Se ha guardado el usuario
[2021-11-15 20:44:04] [ INFO ] [ProductoServicios:31] El Producto con la id existe
[2021-11-15 20:44:04] [ INFO ] [ProductoServicios:41] Se ha guardado el usuario
[2021-11-15 20:44:04] [ INFO ] [ProductoServicios:31] El Producto con la id existe
[2021-11-15 20:44:04] [ INFO ] [ProductoServicios:41] Se ha guardado el usuario
[2021-11-15 20:44:04] [ INFO ] [ProductoServicios:31] El Producto con la id existe
[2021-11-15 20:44:04] [ INFO ] [ProductoServicios:41] Se ha guardado el usuario
[2021-11-15 20:44:04] [ INFO ] [UsuarioServicios:41] El usuario con el email existe
[2021-11-15 20:44:48] [ INFO ] [UsuarioServicios:41] El usuario con el email existe
[2021-11-15 20:44:52] [ INFO ] [ProductoServicios:52] El Array list esta ordenador por precio y existe
[2021-11-15 20:44:55] [ INFO ] [ProductoServicios:64] El Array list esta ordenador por precio y existe
[2021-11-15 20:45:22] [ INFO ] [UsuarioServicios:41] El usuario con el email existe
[2021-11-15 20:45:34] [ INFO ] [UsuarioServicios:41] El usuario con el email existe
[2021-11-15 20:45:34] [ INFO ] [UsuarioServicios:41] El usuario con el email existe
[2021-11-15 20:45:43] [ INFO ] [ProductoServicios:31] El Producto con la id existe
[2021-11-15 20:45:47] [ INFO ] [ProductoServicios:41] Se ha guardado el usuario
[2021-11-15 20:45:51] [ INFO ] [ProductoServicios:31] El Producto con la id existe
[2021-11-15 20:45:54] [ INFO ] [ProductoServicios:41] Se ha guardado el usuario
[2021-11-15 20:45:55] [ INFO ] [UsuarioServicios:41] El usuario con el email existe
[2021-11-15 20:46:07] [ INFO ] [UsuarioServicios:29] El usuario con la id existe
[2021-11-15 20:46:15] [ INFO ] [UsuarioServicios:41] El usuario con el email existe
[2021-11-15 20:46:38] [ INFO ] [UsuarioServicios:29] El usuario con la id existe
[2021-11-15 20:46:38] [ INFO ] [UsuarioServicios:56] Se ha eliminado el usuario
