[2021-11-18 22:24:46] [ INFO ] [UsuarioServicios:41] El usuario con el email existe
[2021-11-18 22:24:52] [ INFO ] [ProductoServicios:64] El Array list esta ordenador por precio y existe
[2021-11-18 22:24:54] [ INFO ] [ProductoServicios:52] El Array list esta ordenador por precio y existe
[2021-11-18 22:24:59] [ INFO ] [UsuarioServicios:41] El usuario con el email existe
[2021-11-18 22:25:15] [ INFO ] [UsuarioServicios:41] El usuario con el email existe
[2021-11-18 22:25:28] [ INFO ] [UsuarioServicios:41] El usuario con el email existe
[2021-11-18 22:25:28] [ INFO ] [UsuarioServicios:41] El usuario con el email existe
[2021-11-18 22:25:39] [ INFO ] [ProductoServicios:31] El Producto con la id existe
[2021-11-18 22:25:43] [ INFO ] [ProductoServicios:41] Se ha guardado el usuario
[2021-11-18 22:25:44] [ INFO ] [UsuarioServicios:41] El usuario con el email existe
[2021-11-18 22:26:14] [ INFO ] [UsuarioServicios:41] El usuario con el email existe
[2021-11-18 22:26:28] [ INFO ] [ProductoServicios:31] El Producto con la id existe
[2021-11-18 22:26:28] [ INFO ] [ProductoServicios:46] Se ha eliminado el usuario
[2021-11-18 22:26:31] [ INFO ] [UsuarioServicios:41] El usuario con el email existe
[2021-11-18 22:26:54] [ INFO ] [UsuarioServicios:41] El usuario con el email existe
[2021-11-18 22:27:10] [ INFO ] [UsuarioServicios:41] El usuario con el email existe
[2021-11-18 22:27:19] [ INFO ] [UsuarioServicios:41] El usuario con el email existe
[2021-11-18 22:27:21] [ INFO ] [UsuarioServicios:41] El usuario con el email existe
[2021-11-18 22:27:32] [ INFO ] [UsuarioServicios:41] El usuario con el email existe
[2021-11-18 22:27:40] [ INFO ] [UsuarioServicios:41] El usuario con el email existe
[2021-11-18 22:27:40] [ INFO ] [UsuarioServicios:41] El usuario con el email existe
[2021-11-18 22:27:54] [ INFO ] [ProductoServicios:31] El Producto con la id existe
[2021-11-18 22:27:54] [ INFO ] [UsuarioServicios:41] El usuario con el email existe
[2021-11-18 22:27:55] [ INFO ] [ProductoServicios:31] El Producto con la id existe
[2021-11-18 22:27:55] [ INFO ] [UsuarioServicios:41] El usuario con el email existe
[2021-11-18 22:28:05] [ INFO ] [UsuarioServicios:41] El usuario con el email existe
[2021-11-18 22:28:08] [ INFO ] [ProductoServicios:31] El Producto con la id existe
[2021-11-18 22:28:08] [ INFO ] [UsuarioServicios:41] El usuario con el email existe
[2021-11-18 22:28:09] [ INFO ] [ProductoServicios:31] El Producto con la id existe
[2021-11-18 22:28:09] [ INFO ] [UsuarioServicios:41] El usuario con el email existe
[2021-11-18 22:28:41] [ INFO ] [UsuarioServicios:41] El usuario con el email existe
[2021-11-18 22:28:51] [ INFO ] [UsuarioServicios:41] El usuario con el email existe
[2021-11-18 22:28:59] [ INFO ] [ProductoServicios:31] El Producto con la id existe
[2021-11-18 22:29:14] [ INFO ] [UsuarioServicios:41] El usuario con el email existe
[2021-11-18 22:30:19] [ INFO ] [UsuarioServicios:41] El usuario con el email existe
[2021-11-18 22:30:40] [ INFO ] [UsuarioServicios:41] El usuario con el email existe
[2021-11-18 22:35:26] [ INFO ] [UsuarioServicios:41] El usuario con el email existe
[2021-11-18 22:35:26] [ INFO ] [UsuarioServicios:41] El usuario con el email existe
[2021-11-18 22:35:31] [ INFO ] [UsuarioServicios:41] El usuario con el email existe
[2021-11-18 22:35:33] [ INFO ] [ProductoServicios:31] El Producto con la id existe
[2021-11-18 22:35:33] [ INFO ] [UsuarioServicios:41] El usuario con el email existe
[2021-11-18 22:35:53] [ INFO ] [UsuarioServicios:41] El usuario con el email existe
[2021-11-18 22:36:58] [ INFO ] [UsuarioServicios:41] El usuario con el email existe
[2021-11-18 22:40:09] [ INFO ] [UsuarioServicios:41] El usuario con el email existe
[2021-11-18 22:42:07] [ INFO ] [UsuarioServicios:41] El usuario con el email existe
[2021-11-18 22:42:50] [ INFO ] [ProductoServicios:31] El Producto con la id existe
[2021-11-18 22:43:39] [ INFO ] [UsuarioServicios:41] El usuario con el email existe
[2021-11-18 22:45:07] [ INFO ] [ProductoServicios:31] El Producto con la id existe
[2021-11-18 22:45:07] [ INFO ] [UsuarioServicios:41] El usuario con el email existe
[2021-11-18 22:45:08] [ INFO ] [ProductoServicios:31] El Producto con la id existe
[2021-11-18 22:45:08] [ INFO ] [UsuarioServicios:41] El usuario con el email existe
[2021-11-18 22:45:08] [ INFO ] [ProductoServicios:31] El Producto con la id existe
[2021-11-18 22:45:08] [ INFO ] [UsuarioServicios:41] El usuario con el email existe
[2021-11-18 22:45:25] [ INFO ] [UsuarioServicios:41] El usuario con el email existe
[2021-11-18 22:47:09] [ INFO ] [UsuarioServicios:41] El usuario con el email existe
