[2021-11-11 14:09:28] [ INFO ] [UsuarioServicios:44] El usuario con email no exite
[2021-11-11 14:10:28] [ INFO ] [UsuarioServicios:41] El usuario con el email existe
[2021-11-11 14:17:09] [ INFO ] [ProductoServicios:31] El Producto con la id existe
[2021-11-11 14:17:10] [ INFO ] [ProductoServicios:31] El Producto con la id existe
[2021-11-11 14:17:11] [ INFO ] [ProductoServicios:31] El Producto con la id existe
[2021-11-11 14:17:39] [ INFO ] [UsuarioServicios:41] El usuario con el email existe
[2021-11-11 14:28:11] [ INFO ] [UsuarioServicios:41] El usuario con el email existe
[2021-11-11 14:33:57] [ INFO ] [UsuarioServicios:41] El usuario con el email existe
[2021-11-11 14:34:28] [ INFO ] [UsuarioServicios:41] El usuario con el email existe
[2021-11-11 14:34:52] [ INFO ] [UsuarioServicios:41] El usuario con el email existe
[2021-11-11 14:36:13] [ INFO ] [ProductoServicios:64] El Array list esta ordenador por precio y existe
[2021-11-11 14:36:14] [ INFO ] [ProductoServicios:52] El Array list esta ordenador por precio y existe
[2021-11-11 14:36:15] [ INFO ] [ProductoServicios:64] El Array list esta ordenador por precio y existe
[2021-11-11 14:36:16] [ INFO ] [ProductoServicios:52] El Array list esta ordenador por precio y existe
[2021-11-11 14:36:17] [ INFO ] [ProductoServicios:64] El Array list esta ordenador por precio y existe
[2021-11-11 14:36:17] [ INFO ] [ProductoServicios:52] El Array list esta ordenador por precio y existe
[2021-11-11 14:36:32] [ INFO ] [ProductoServicios:64] El Array list esta ordenador por precio y existe
[2021-11-11 17:09:28] [ INFO ] [ProductoServicios:52] El Array list esta ordenador por precio y existe
[2021-11-11 17:09:29] [ INFO ] [ProductoServicios:64] El Array list esta ordenador por precio y existe
[2021-11-11 18:35:38] [ INFO ] [UsuarioServicios:41] El usuario con el email existe
[2021-11-11 18:54:25] [ INFO ] [UsuarioServicios:41] El usuario con el email existe
[2021-11-11 19:06:48] [ INFO ] [UsuarioServicios:41] El usuario con el email existe
[2021-11-11 19:07:33] [ INFO ] [ProductoServicios:34] El Producto con id no exite
[2021-11-11 19:09:17] [ INFO ] [ProductoServicios:34] El Producto con id no exite
[2021-11-11 19:17:23] [ INFO ] [UsuarioServicios:41] El usuario con el email existe
[2021-11-11 19:25:36] [ INFO ] [UsuarioServicios:41] El usuario con el email existe
[2021-11-11 19:37:16] [ INFO ] [UsuarioServicios:44] El usuario con email no exite
[2021-11-11 19:37:16] [ INFO ] [UsuarioServicios:51] Se ha guardado el usuario
[2021-11-11 19:37:22] [ INFO ] [UsuarioServicios:41] El usuario con el email existe
[2021-11-11 19:39:14] [ INFO ] [UsuarioServicios:44] El usuario con email no exite
[2021-11-11 19:39:14] [ INFO ] [UsuarioServicios:51] Se ha guardado el usuario
[2021-11-11 19:39:18] [ INFO ] [UsuarioServicios:41] El usuario con el email existe
[2021-11-11 19:39:57] [ INFO ] [UsuarioServicios:41] El usuario con el email existe
[2021-11-11 19:40:49] [ INFO ] [UsuarioServicios:44] El usuario con email no exite
[2021-11-11 19:40:49] [ INFO ] [UsuarioServicios:51] Se ha guardado el usuario
[2021-11-11 19:41:01] [ INFO ] [UsuarioServicios:41] El usuario con el email existe
[2021-11-11 19:41:05] [ INFO ] [ProductoServicios:64] El Array list esta ordenador por precio y existe
[2021-11-11 19:41:05] [ INFO ] [ProductoServicios:52] El Array list esta ordenador por precio y existe
[2021-11-11 19:46:44] [ INFO ] [UsuarioServicios:41] El usuario con el email existe
