[2021-11-16 00:36:16] [ INFO ] [UsuarioServicios:41] El usuario con el email existe
[2021-11-16 10:22:05] [ INFO ] [UsuarioServicios:41] El usuario con el email existe
[2021-11-16 10:22:11] [ INFO ] [UsuarioServicios:41] El usuario con el email existe
[2021-11-16 10:22:11] [ INFO ] [UsuarioServicios:41] El usuario con el email existe
[2021-11-16 10:22:21] [ INFO ] [UsuarioServicios:29] El usuario con la id existe
[2021-11-16 10:22:26] [ INFO ] [UsuarioServicios:29] El usuario con la id existe
[2021-11-16 10:23:46] [ INFO ] [UsuarioServicios:41] El usuario con el email existe
[2021-11-16 10:23:51] [ INFO ] [UsuarioServicios:41] El usuario con el email existe
[2021-11-16 10:24:54] [ INFO ] [UsuarioServicios:41] El usuario con el email existe
[2021-11-16 10:25:16] [ INFO ] [UsuarioServicios:41] El usuario con el email existe
[2021-11-16 10:25:16] [ INFO ] [UsuarioServicios:41] El usuario con el email existe
[2021-11-16 10:25:39] [ INFO ] [ProductoServicios:31] El Producto con la id existe
[2021-11-16 10:25:39] [ INFO ] [UsuarioServicios:41] El usuario con el email existe
[2021-11-16 10:25:40] [ INFO ] [ProductoServicios:31] El Producto con la id existe
[2021-11-16 10:25:40] [ INFO ] [UsuarioServicios:41] El usuario con el email existe
[2021-11-16 10:25:42] [ INFO ] [ProductoServicios:31] El Producto con la id existe
[2021-11-16 10:25:42] [ INFO ] [UsuarioServicios:41] El usuario con el email existe
[2021-11-16 10:25:44] [ INFO ] [ProductoServicios:31] El Producto con la id existe
[2021-11-16 10:25:44] [ INFO ] [UsuarioServicios:41] El usuario con el email existe
[2021-11-16 10:26:27] [ INFO ] [UsuarioServicios:41] El usuario con el email existe
[2021-11-16 10:29:14] [ INFO ] [UsuarioServicios:44] El usuario con email no exite
[2021-11-16 10:29:14] [ INFO ] [UsuarioServicios:51] Se ha guardado el usuario
[2021-11-16 10:29:39] [ INFO ] [UsuarioServicios:29] El usuario con la id existe
[2021-11-16 10:30:37] [ INFO ] [UsuarioServicios:41] El usuario con el email existe
[2021-11-16 10:30:52] [ INFO ] [UsuarioServicios:41] El usuario con el email existe
[2021-11-16 10:38:48] [ INFO ] [ProductoServicios:31] El Producto con la id existe
[2021-11-16 10:38:59] [ INFO ] [ProductoServicios:31] El Producto con la id existe
[2021-11-16 10:39:10] [ INFO ] [UsuarioServicios:41] El usuario con el email existe
[2021-11-16 10:39:13] [ INFO ] [ProductoServicios:31] El Producto con la id existe
[2021-11-16 10:42:38] [ INFO ] [UsuarioServicios:41] El usuario con el email existe
[2021-11-16 10:42:38] [ INFO ] [UsuarioServicios:41] El usuario con el email existe
[2021-11-16 10:56:01] [ INFO ] [UsuarioServicios:41] El usuario con el email existe
[2021-11-16 10:57:35] [ INFO ] [UsuarioServicios:41] El usuario con el email existe
[2021-11-16 10:57:36] [ INFO ] [UsuarioServicios:41] El usuario con el email existe
[2021-11-16 10:57:39] [ INFO ] [UsuarioServicios:41] El usuario con el email existe
[2021-11-16 10:57:42] [ INFO ] [UsuarioServicios:41] El usuario con el email existe
[2021-11-16 10:57:44] [ INFO ] [ProductoServicios:31] El Producto con la id existe
[2021-11-16 10:57:44] [ INFO ] [UsuarioServicios:41] El usuario con el email existe
[2021-11-16 10:57:51] [ INFO ] [UsuarioServicios:41] El usuario con el email existe
[2021-11-16 11:02:45] [ INFO ] [UsuarioServicios:41] El usuario con el email existe
[2021-11-16 11:02:45] [ INFO ] [UsuarioServicios:41] El usuario con el email existe
[2021-11-16 11:09:01] [ INFO ] [UsuarioServicios:41] El usuario con el email existe
[2021-11-16 11:09:04] [ INFO ] [UsuarioServicios:41] El usuario con el email existe
[2021-11-16 11:09:06] [ INFO ] [UsuarioServicios:41] El usuario con el email existe
[2021-11-16 11:14:22] [ INFO ] [ProductoServicios:31] El Producto con la id existe
[2021-11-16 11:15:03] [ INFO ] [ProductoServicios:31] El Producto con la id existe
[2021-11-16 11:15:03] [ INFO ] [UsuarioServicios:41] El usuario con el email existe
[2021-11-16 11:15:10] [ INFO ] [ProductoServicios:31] El Producto con la id existe
[2021-11-16 11:15:10] [ INFO ] [UsuarioServicios:41] El usuario con el email existe
[2021-11-16 11:15:15] [ INFO ] [ProductoServicios:31] El Producto con la id existe
[2021-11-16 11:15:15] [ INFO ] [UsuarioServicios:41] El usuario con el email existe
[2021-11-16 11:15:21] [ INFO ] [ProductoServicios:31] El Producto con la id existe
[2021-11-16 11:15:21] [ INFO ] [UsuarioServicios:41] El usuario con el email existe
[2021-11-16 11:16:13] [ INFO ] [UsuarioServicios:41] El usuario con el email existe
[2021-11-16 11:16:13] [ INFO ] [UsuarioServicios:41] El usuario con el email existe
[2021-11-16 11:16:22] [ INFO ] [UsuarioServicios:29] El usuario con la id existe
[2021-11-16 11:16:39] [ INFO ] [UsuarioServicios:51] Se ha guardado el usuario
[2021-11-16 11:16:50] [ INFO ] [UsuarioServicios:41] El usuario con el email existe
[2021-11-16 11:16:50] [ INFO ] [UsuarioServicios:41] El usuario con el email existe
[2021-11-16 11:16:59] [ INFO ] [UsuarioServicios:29] El usuario con la id existe
[2021-11-16 11:17:10] [ INFO ] [UsuarioServicios:51] Se ha guardado el usuario
[2021-11-16 11:17:10] [ INFO ] [UsuarioServicios:41] El usuario con el email existe
[2021-11-16 11:17:21] [ INFO ] [ProductoServicios:31] El Producto con la id existe
[2021-11-16 11:17:21] [ INFO ] [ProductoServicios:41] Se ha guardado el usuario
[2021-11-16 11:17:21] [ INFO ] [ProductoServicios:31] El Producto con la id existe
[2021-11-16 11:17:21] [ INFO ] [ProductoServicios:41] Se ha guardado el usuario
[2021-11-16 11:17:21] [ INFO ] [UsuarioServicios:41] El usuario con el email existe
[2021-11-16 11:17:26] [ INFO ] [UsuarioServicios:41] El usuario con el email existe
[2021-11-16 11:18:06] [ INFO ] [UsuarioServicios:41] El usuario con el email existe
[2021-11-16 11:18:12] [ INFO ] [UsuarioServicios:41] El usuario con el email existe
[2021-11-16 11:18:20] [ INFO ] [UsuarioServicios:41] El usuario con el email existe
[2021-11-16 11:18:20] [ INFO ] [UsuarioServicios:41] El usuario con el email existe
[2021-11-16 11:18:55] [ INFO ] [UsuarioServicios:41] El usuario con el email existe
[2021-11-16 11:19:14] [ INFO ] [UsuarioServicios:29] El usuario con la id existe
[2021-11-16 11:19:15] [ INFO ] [UsuarioServicios:41] El usuario con el email existe
[2021-11-16 11:19:18] [ INFO ] [ProductoServicios:52] El Array list esta ordenador por precio y existe
[2021-11-16 11:19:19] [ INFO ] [ProductoServicios:64] El Array list esta ordenador por precio y existe
[2021-11-16 11:19:19] [ INFO ] [ProductoServicios:52] El Array list esta ordenador por precio y existe
[2021-11-16 11:19:28] [ INFO ] [UsuarioServicios:41] El usuario con el email existe
[2021-11-16 11:19:46] [ INFO ] [UsuarioServicios:41] El usuario con el email existe
[2021-11-16 11:19:46] [ INFO ] [UsuarioServicios:41] El usuario con el email existe
[2021-11-16 11:21:29] [ INFO ] [UsuarioServicios:41] El usuario con el email existe
[2021-11-16 11:21:45] [ INFO ] [UsuarioServicios:41] El usuario con el email existe
[2021-11-16 11:21:45] [ INFO ] [UsuarioServicios:41] El usuario con el email existe
[2021-11-16 11:22:00] [ INFO ] [UsuarioServicios:41] El usuario con el email existe
[2021-11-16 11:22:21] [ INFO ] [UsuarioServicios:41] El usuario con el email existe
[2021-11-16 11:23:12] [ INFO ] [UsuarioServicios:41] El usuario con el email existe
[2021-11-16 11:23:42] [ INFO ] [UsuarioServicios:41] El usuario con el email existe
[2021-11-16 11:25:11] [ INFO ] [UsuarioServicios:41] El usuario con el email existe
[2021-11-16 11:28:09] [ INFO ] [UsuarioServicios:41] El usuario con el email existe
[2021-11-16 11:28:23] [ INFO ] [UsuarioServicios:41] El usuario con el email existe
[2021-11-16 11:28:23] [ INFO ] [UsuarioServicios:41] El usuario con el email existe
[2021-11-16 11:28:23] [ INFO ] [UsuarioServicios:41] El usuario con el email existe
[2021-11-16 11:28:24] [ INFO ] [UsuarioServicios:41] El usuario con el email existe
[2021-11-16 11:28:24] [ INFO ] [UsuarioServicios:41] El usuario con el email existe
[2021-11-16 11:28:24] [ INFO ] [UsuarioServicios:41] El usuario con el email existe
[2021-11-16 11:28:26] [ INFO ] [UsuarioServicios:41] El usuario con el email existe
[2021-11-16 11:30:12] [ INFO ] [UsuarioServicios:41] El usuario con el email existe
[2021-11-16 11:30:12] [ INFO ] [UsuarioServicios:41] El usuario con el email existe
[2021-11-16 11:31:11] [ INFO ] [UsuarioServicios:41] El usuario con el email existe
[2021-11-16 11:33:35] [ INFO ] [UsuarioServicios:41] El usuario con el email existe
[2021-11-16 12:33:18] [ INFO ] [UsuarioServicios:41] El usuario con el email existe
[2021-11-16 12:33:18] [ INFO ] [UsuarioServicios:41] El usuario con el email existe
[2021-11-16 12:33:18] [ INFO ] [UsuarioServicios:41] El usuario con el email existe
[2021-11-16 12:33:19] [ INFO ] [UsuarioServicios:41] El usuario con el email existe
[2021-11-16 12:33:19] [ INFO ] [UsuarioServicios:41] El usuario con el email existe
[2021-11-16 12:33:25] [ INFO ] [UsuarioServicios:41] El usuario con el email existe
[2021-11-16 12:33:28] [ INFO ] [ProductoServicios:31] El Producto con la id existe
[2021-11-16 12:33:28] [ INFO ] [UsuarioServicios:41] El usuario con el email existe
[2021-11-16 12:33:29] [ INFO ] [ProductoServicios:31] El Producto con la id existe
[2021-11-16 12:33:29] [ INFO ] [UsuarioServicios:41] El usuario con el email existe
[2021-11-16 12:33:37] [ INFO ] [UsuarioServicios:41] El usuario con el email existe
[2021-11-16 12:33:37] [ INFO ] [UsuarioServicios:41] El usuario con el email existe
[2021-11-16 12:33:45] [ INFO ] [UsuarioServicios:41] El usuario con el email existe
[2021-11-16 12:33:49] [ INFO ] [UsuarioServicios:41] El usuario con el email existe
[2021-11-16 12:33:51] [ INFO ] [UsuarioServicios:41] El usuario con el email existe
[2021-11-16 12:40:57] [ INFO ] [UsuarioServicios:41] El usuario con el email existe
