[2021-11-17 16:01:53] [ INFO ] [UsuarioServicios:41] El usuario con el email existe
[2021-11-17 16:02:13] [ INFO ] [UsuarioServicios:41] El usuario con el email existe
[2021-11-17 16:02:17] [ INFO ] [ProductoServicios:31] El Producto con la id existe
[2021-11-17 16:02:17] [ INFO ] [UsuarioServicios:41] El usuario con el email existe
[2021-11-17 16:02:21] [ INFO ] [ProductoServicios:31] El Producto con la id existe
[2021-11-17 16:02:21] [ INFO ] [UsuarioServicios:41] El usuario con el email existe
[2021-11-17 16:02:35] [ INFO ] [UsuarioServicios:41] El usuario con el email existe
[2021-11-17 16:02:58] [ INFO ] [UsuarioServicios:41] El usuario con el email existe
[2021-11-17 16:02:58] [ INFO ] [UsuarioServicios:41] El usuario con el email existe
[2021-11-17 16:03:22] [ INFO ] [ProductoServicios:31] El Producto con la id existe
[2021-11-17 16:03:26] [ INFO ] [ProductoServicios:41] Se ha guardado el usuario
[2021-11-17 16:03:28] [ INFO ] [UsuarioServicios:41] El usuario con el email existe
[2021-11-17 16:03:30] [ INFO ] [UsuarioServicios:41] El usuario con el email existe
[2021-11-17 17:40:33] [ INFO ] [UsuarioServicios:41] El usuario con el email existe
[2021-11-17 17:41:47] [ INFO ] [UsuarioServicios:41] El usuario con el email existe
[2021-11-17 17:41:48] [ INFO ] [UsuarioServicios:41] El usuario con el email existe
[2021-11-17 17:42:18] [ INFO ] [ProductoServicios:31] El Producto con la id existe
[2021-11-17 17:42:24] [ INFO ] [UsuarioServicios:41] El usuario con el email existe
[2021-11-17 17:42:26] [ INFO ] [ProductoServicios:52] El Array list esta ordenador por precio y existe
[2021-11-17 17:42:35] [ INFO ] [ProductoServicios:64] El Array list esta ordenador por precio y existe
[2021-11-17 17:42:40] [ INFO ] [UsuarioServicios:41] El usuario con el email existe
[2021-11-17 17:42:44] [ INFO ] [ProductoServicios:31] El Producto con la id existe
[2021-11-17 17:42:44] [ INFO ] [UsuarioServicios:41] El usuario con el email existe
[2021-11-17 17:42:45] [ INFO ] [ProductoServicios:31] El Producto con la id existe
[2021-11-17 17:42:45] [ INFO ] [UsuarioServicios:41] El usuario con el email existe
[2021-11-17 17:42:55] [ INFO ] [UsuarioServicios:41] El usuario con el email existe
[2021-11-17 17:42:56] [ INFO ] [ProductoServicios:31] El Producto con la id existe
[2021-11-17 17:42:56] [ INFO ] [UsuarioServicios:41] El usuario con el email existe
[2021-11-17 17:42:58] [ INFO ] [ProductoServicios:31] El Producto con la id existe
[2021-11-17 17:42:58] [ INFO ] [UsuarioServicios:41] El usuario con el email existe
[2021-11-17 17:42:58] [ INFO ] [ProductoServicios:31] El Producto con la id existe
[2021-11-17 17:42:58] [ INFO ] [UsuarioServicios:41] El usuario con el email existe
[2021-11-17 17:44:27] [ INFO ] [UsuarioServicios:44] El usuario con email no exite
[2021-11-17 17:44:27] [ INFO ] [UsuarioServicios:51] Se ha guardado el usuario
[2021-11-17 17:44:36] [ INFO ] [UsuarioServicios:41] El usuario con el email existe
[2021-11-17 17:44:36] [ INFO ] [UsuarioServicios:41] El usuario con el email existe
[2021-11-17 17:44:51] [ INFO ] [UsuarioServicios:29] El usuario con la id existe
[2021-11-17 17:45:01] [ INFO ] [ProductoServicios:31] El Producto con la id existe
[2021-11-17 17:45:01] [ INFO ] [ProductoServicios:41] Se ha guardado el usuario
[2021-11-17 17:45:01] [ INFO ] [ProductoServicios:31] El Producto con la id existe
[2021-11-17 17:45:01] [ INFO ] [ProductoServicios:41] Se ha guardado el usuario
[2021-11-17 17:45:01] [ INFO ] [UsuarioServicios:41] El usuario con el email existe
[2021-11-17 17:45:12] [ INFO ] [UsuarioServicios:29] El usuario con la id existe
[2021-11-17 17:45:29] [ INFO ] [UsuarioServicios:51] Se ha guardado el usuario
[2021-11-17 17:45:40] [ INFO ] [UsuarioServicios:41] El usuario con el email existe
[2021-11-17 17:45:40] [ INFO ] [UsuarioServicios:41] El usuario con el email existe
[2021-11-17 17:46:37] [ INFO ] [UsuarioServicios:41] El usuario con el email existe
[2021-11-17 17:46:39] [ INFO ] [UsuarioServicios:41] El usuario con el email existe
[2021-11-17 17:46:44] [ INFO ] [UsuarioServicios:41] El usuario con el email existe
[2021-11-17 17:46:44] [ INFO ] [UsuarioServicios:41] El usuario con el email existe
[2021-11-17 17:48:01] [ INFO ] [UsuarioServicios:29] El usuario con la id existe
[2021-11-17 17:48:01] [ INFO ] [UsuarioServicios:56] Se ha eliminado el usuario
[2021-11-17 17:48:51] [ INFO ] [ProductoServicios:31] El Producto con la id existe
[2021-11-17 17:49:04] [ INFO ] [ProductoServicios:31] El Producto con la id existe
[2021-11-17 17:49:04] [ INFO ] [ProductoServicios:46] Se ha eliminado el usuario
[2021-11-17 17:49:07] [ INFO ] [UsuarioServicios:41] El usuario con el email existe
[2021-11-17 17:49:18] [ INFO ] [ProductoServicios:31] El Producto con la id existe
[2021-11-17 17:49:20] [ INFO ] [UsuarioServicios:41] El usuario con el email existe
[2021-11-17 17:49:46] [ INFO ] [UsuarioServicios:29] El usuario con la id existe
[2021-11-17 17:50:21] [ INFO ] [UsuarioServicios:41] El usuario con el email existe
[2021-11-17 17:50:49] [ INFO ] [UsuarioServicios:41] El usuario con el email existe
[2021-11-17 17:51:05] [ INFO ] [UsuarioServicios:44] El usuario con email no exite
[2021-11-17 17:51:23] [ INFO ] [UsuarioServicios:44] El usuario con email no exite
[2021-11-17 17:51:28] [ INFO ] [UsuarioServicios:41] El usuario con el email existe
[2021-11-17 17:51:28] [ INFO ] [UsuarioServicios:41] El usuario con el email existe
[2021-11-17 17:52:18] [ INFO ] [UsuarioServicios:44] El usuario con email no exite
[2021-11-17 17:52:18] [ INFO ] [UsuarioServicios:51] Se ha guardado el usuario
[2021-11-17 17:52:24] [ INFO ] [UsuarioServicios:41] El usuario con el email existe
[2021-11-17 17:52:34] [ INFO ] [UsuarioServicios:41] El usuario con el email existe
[2021-11-17 17:52:34] [ INFO ] [UsuarioServicios:41] El usuario con el email existe
[2021-11-17 17:54:13] [ INFO ] [UsuarioServicios:41] El usuario con el email existe
[2021-11-17 17:55:41] [ INFO ] [UsuarioServicios:41] El usuario con el email existe
[2021-11-17 18:00:21] [ INFO ] [UsuarioServicios:41] El usuario con el email existe
